[NX Daemon Server] - 2024-06-17T15:04:37.477Z - Started listening on: /var/folders/0c/141zswc17l78l8j11qn_w_m80000gn/T/73647674b263319f1378/d.sock
[NX Daemon Server] - 2024-06-17T15:04:37.479Z - [WATCHER]: Subscribed to changes within: /Users/marcbuils/projects/digipair/digipair (native)
[NX Daemon Server] - 2024-06-17T15:04:37.481Z - Established a connection. Number of open connections: 1
[NX Daemon Server] - 2024-06-17T15:04:37.481Z - Established a connection. Number of open connections: 2
[NX Daemon Server] - 2024-06-17T15:04:37.482Z - Closed a connection. Number of open connections: 1
[NX Daemon Server] - 2024-06-17T15:04:37.482Z - [REQUEST]: Client Request for Project Graph Received
[NX Daemon Server] - 2024-06-17T15:04:37.483Z - [REQUEST]: Updated workspace context based on watched changes, recomputing project graph...
[NX Daemon Server] - 2024-06-17T15:04:37.483Z - [REQUEST]: 
[NX Daemon Server] - 2024-06-17T15:04:37.483Z - [REQUEST]: 
[NX Daemon Server] - 2024-06-17T15:04:38.050Z - Time taken for 'hash changed files from watcher' 0.3760831356048584ms
[NX Daemon Server] - 2024-06-17T15:04:38.850Z - [REQUEST]: Responding to the client. project-graph
[NX Daemon Server] - 2024-06-17T15:04:38.851Z - Time taken for 'total for creating and serializing project graph' 1367.4560408592224ms
[NX Daemon Server] - 2024-06-17T15:04:38.856Z - Done responding to the client project-graph
[NX Daemon Server] - 2024-06-17T15:04:38.856Z - Handled REQUEST_PROJECT_GRAPH. Handling time: 1368. Response time: 6.
[NX Daemon Server] - 2024-06-17T15:04:38.862Z - [REQUEST]: Client Request for Project Graph Received
[NX Daemon Server] - 2024-06-17T15:04:38.862Z - [REQUEST]: Responding to the client. project-graph
[NX Daemon Server] - 2024-06-17T15:04:38.864Z - Time taken for 'total for creating and serializing project graph' 0.19791698455810547ms
[NX Daemon Server] - 2024-06-17T15:04:38.867Z - Done responding to the client project-graph
[NX Daemon Server] - 2024-06-17T15:04:38.867Z - Handled REQUEST_PROJECT_GRAPH. Handling time: 0. Response time: 5.
[NX Daemon Server] - 2024-06-17T15:04:38.872Z - Established a connection. Number of open connections: 2
[NX Daemon Server] - 2024-06-17T15:04:39.875Z - [REQUEST]: Client Request for Project Graph Received
[NX Daemon Server] - 2024-06-17T15:04:39.876Z - [REQUEST]: Responding to the client. project-graph
[NX Daemon Server] - 2024-06-17T15:04:39.878Z - Time taken for 'total for creating and serializing project graph' 0.3876659870147705ms
[NX Daemon Server] - 2024-06-17T15:04:39.881Z - Done responding to the client project-graph
[NX Daemon Server] - 2024-06-17T15:04:39.881Z - Handled REQUEST_PROJECT_GRAPH. Handling time: 1. Response time: 5.
[NX Daemon Server] - 2024-06-17T15:04:39.887Z - [REQUEST]: Responding to the client with an error. Invalid payload from the client Unsupported payload sent to daemon server: {"type":"GET_CONTEXT_FILE_DATA"}
Error: Unsupported payload sent to daemon server: {"type":"GET_CONTEXT_FILE_DATA"}
    at handleMessage (/Users/marcbuils/projects/digipair/digipair/node_modules/nx/src/daemon/server/server.js:105:104)
    at /Users/marcbuils/projects/digipair/digipair/node_modules/nx/src/daemon/server/server.js:45:15
    at Socket.<anonymous> (/Users/marcbuils/projects/digipair/digipair/node_modules/nx/src/utils/consume-messages-from-socket.js:13:17)
    at Socket.emit (node:events:514:28)
    at Socket.emit (node:domain:488:12)
    at addChunk (node:internal/streams/readable:376:12)
    at readableAddChunk (node:internal/streams/readable:349:9)
    at Socket.Readable.push (node:internal/streams/readable:286:10)
    at Pipe.onStreamRead (node:internal/stream_base_commons:190:23)
[NX Daemon Server] - 2024-06-17T15:04:39.890Z - Done responding to the client null
[NX Daemon Server] - 2024-06-17T15:04:40.144Z - Started listening on: /var/folders/0c/141zswc17l78l8j11qn_w_m80000gn/T/73647674b263319f1378/d.sock
[NX Daemon Server] - 2024-06-17T15:04:40.146Z - [WATCHER]: Subscribed to changes within: /Users/marcbuils/projects/digipair/digipair (native)
[NX Daemon Server] - 2024-06-17T15:04:40.154Z - Established a connection. Number of open connections: 1
[NX Daemon Server] - 2024-06-17T15:04:40.155Z - Established a connection. Number of open connections: 2
[NX Daemon Server] - 2024-06-17T15:04:40.156Z - Closed a connection. Number of open connections: 1
[NX Daemon Server] - 2024-06-17T15:04:40.157Z - [REQUEST]: Client Request for Project Graph Received
[NX Daemon Server] - 2024-06-17T15:04:40.158Z - [REQUEST]: Updated workspace context based on watched changes, recomputing project graph...
[NX Daemon Server] - 2024-06-17T15:04:40.158Z - [REQUEST]: 
[NX Daemon Server] - 2024-06-17T15:04:40.158Z - [REQUEST]: 
[NX Daemon Server] - 2024-06-17T15:04:40.687Z - Time taken for 'hash changed files from watcher' 0.42566609382629395ms
[NX Daemon Server] - 2024-06-17T15:04:41.447Z - [REQUEST]: Responding to the client. project-graph
[NX Daemon Server] - 2024-06-17T15:04:41.448Z - Time taken for 'total for creating and serializing project graph' 1289.861958026886ms
[NX Daemon Server] - 2024-06-17T15:04:41.451Z - Done responding to the client project-graph
[NX Daemon Server] - 2024-06-17T15:04:41.451Z - Handled REQUEST_PROJECT_GRAPH. Handling time: 1290. Response time: 4.
[NX Daemon Server] - 2024-06-17T15:04:41.455Z - [REQUEST]: Client Request for Project Graph Received
[NX Daemon Server] - 2024-06-17T15:04:41.455Z - [REQUEST]: Responding to the client. project-graph
[NX Daemon Server] - 2024-06-17T15:04:41.457Z - Time taken for 'total for creating and serializing project graph' 0.17687487602233887ms
[NX Daemon Server] - 2024-06-17T15:04:41.460Z - Done responding to the client project-graph
[NX Daemon Server] - 2024-06-17T15:04:41.460Z - Handled REQUEST_PROJECT_GRAPH. Handling time: 0. Response time: 5.
[NX Daemon Server] - 2024-06-17T15:04:41.466Z - Established a connection. Number of open connections: 2
